# JRE version: OpenJDK Runtime Environment (8.0_212-b04) (build 1.8.0_212-release-1586-b04)
# Java VM: OpenJDK 64-Bit Server VM (25.212-b04 mixed mode windows-amd64 compressed oops)
Heap:
 PSYoungGen      total 140288K, used 15008K [0x00000000e0000000, 0x00000000e9700000, 0x0000000100000000)
  eden space 128000K, 11% used [0x00000000e0000000,0x00000000e0ea82c8,0x00000000e7d00000)
  from space 12288K, 0% used [0x00000000e8b00000,0x00000000e8b00000,0x00000000e9700000)
  to   space 13312K, 0% used [0x00000000e7d00000,0x00000000e7d00000,0x00000000e8a00000)
 ParOldGen       total 120320K, used 16916K [0x00000000a0000000, 0x00000000a7580000, 0x00000000e0000000)
  object space 120320K, 14% used [0x00000000a0000000,0x00000000a1085118,0x00000000a7580000)
 Metaspace       used 41752K, capacity 42850K, committed 43136K, reserved 1093632K
  class space    used 5653K, capacity 5949K, committed 6016K, reserved 1048576K
GC Heap History (10 events):
Event: 14.796 GC heap before
{Heap before GC invocations=14 (full 4):
 PSYoungGen      total 128512K, used 1819K [0x00000000e0000000, 0x00000000e9980000, 0x0000000100000000)
  eden space 122880K, 0% used [0x00000000e0000000,0x00000000e0000000,0x00000000e7800000)
  from space 5632K, 32% used [0x00000000e8480000,0x00000000e8646e20,0x00000000e8a00000)
  to   space 12800K, 0% used [0x00000000e7800000,0x00000000e7800000,0x00000000e8480000)
 ParOldGen       total 120320K, used 18104K [0x00000000a0000000, 0x00000000a7580000, 0x00000000e0000000)
  object space 120320K, 15% used [0x00000000a0000000,0x00000000a11ae3d8,0x00000000a7580000)
 Metaspace       used 39909K, capacity 40798K, committed 41088K, reserved 1091584K
  class space    used 5390K, capacity 5661K, committed 5760K, reserved 1048576K
Event: 14.845 GC heap after
Heap after GC invocations=14 (full 4):
 PSYoungGen      total 128512K, used 0K [0x00000000e0000000, 0x00000000e9980000, 0x0000000100000000)
  eden space 122880K, 0% used [0x00000000e0000000,0x00000000e0000000,0x00000000e7800000)
  from space 5632K, 0% used [0x00000000e8480000,0x00000000e8480000,0x00000000e8a00000)
  to   space 12800K, 0% used [0x00000000e7800000,0x00000000e7800000,0x00000000e8480000)
 ParOldGen       total 120320K, used 17680K [0x00000000a0000000, 0x00000000a7580000, 0x00000000e0000000)
  object space 120320K, 14% used [0x00000000a0000000,0x00000000a1144298,0x00000000a7580000)
 Metaspace       used 39909K, capacity 40798K, committed 41088K, reserved 1089536K
  class space    used 5390K, capacity 5661K, committed 5760K, reserved 1048576K
}
Event: 14.923 GC heap before
{Heap before GC invocations=15 (full 4):
 PSYoungGen      total 128512K, used 6746K [0x00000000e0000000, 0x00000000e9980000, 0x0000000100000000)
  eden space 122880K, 5% used [0x00000000e0000000,0x00000000e0696868,0x00000000e7800000)
  from space 5632K, 0% used [0x00000000e8480000,0x00000000e8480000,0x00000000e8a00000)
  to   space 12800K, 0% used [0x00000000e7800000,0x00000000e7800000,0x00000000e8480000)
 ParOldGen       total 120320K, used 17680K [0x00000000a0000000, 0x00000000a7580000, 0x00000000e0000000)
  object space 120320K, 14% used [0x00000000a0000000,0x00000000a1144298,0x00000000a7580000)
 Metaspace       used 40646K, capacity 41592K, committed 41856K, reserved 1093632K
  class space    used 5462K, capacity 5730K, committed 5760K, reserved 1048576K
Event: 14.924 GC heap after
Heap after GC invocations=15 (full 4):
 PSYoungGen      total 135680K, used 885K [0x00000000e0000000, 0x00000000e9800000, 0x0000000100000000)
  eden space 122880K, 0% used [0x00000000e0000000,0x00000000e0000000,0x00000000e7800000)
  from space 12800K, 6% used [0x00000000e7800000,0x00000000e78dd5d0,0x00000000e8480000)
  to   space 13312K, 0% used [0x00000000e8b00000,0x00000000e8b00000,0x00000000e9800000)
 ParOldGen       total 120320K, used 17680K [0x00000000a0000000, 0x00000000a7580000, 0x00000000e0000000)
  object space 120320K, 14% used [0x00000000a0000000,0x00000000a1144298,0x00000000a7580000)
 Metaspace       used 40646K, capacity 41592K, committed 41856K, reserved 1093632K
  class space    used 5462K, capacity 5730K, committed 5760K, reserved 1048576K
}
Event: 14.924 GC heap before
{Heap before GC invocations=16 (full 5):
 PSYoungGen      total 135680K, used 885K [0x00000000e0000000, 0x00000000e9800000, 0x0000000100000000)
  eden space 122880K, 0% used [0x00000000e0000000,0x00000000e0000000,0x00000000e7800000)
  from space 12800K, 6% used [0x00000000e7800000,0x00000000e78dd5d0,0x00000000e8480000)
  to   space 13312K, 0% used [0x00000000e8b00000,0x00000000e8b00000,0x00000000e9800000)
 ParOldGen       total 120320K, used 17680K [0x00000000a0000000, 0x00000000a7580000, 0x00000000e0000000)
  object space 120320K, 14% used [0x00000000a0000000,0x00000000a1144298,0x00000000a7580000)
 Metaspace       used 40646K, capacity 41592K, committed 41856K, reserved 1093632K
  class space    used 5462K, capacity 5730K, committed 5760K, reserved 1048576K
Event: 14.971 GC heap after
Heap after GC invocations=16 (full 5):
 PSYoungGen      total 135680K, used 0K [0x00000000e0000000, 0x00000000e9800000, 0x0000000100000000)
  eden space 122880K, 0% used [0x00000000e0000000,0x00000000e0000000,0x00000000e7800000)
  from space 12800K, 0% used [0x00000000e7800000,0x00000000e7800000,0x00000000e8480000)
  to   space 13312K, 0% used [0x00000000e8b00000,0x00000000e8b00000,0x00000000e9800000)
 ParOldGen       total 120320K, used 17194K [0x00000000a0000000, 0x00000000a7580000, 0x00000000e0000000)
  object space 120320K, 14% used [0x00000000a0000000,0x00000000a10caac8,0x00000000a7580000)
 Metaspace       used 40646K, capacity 41592K, committed 41856K, reserved 1091584K
  class space    used 5462K, capacity 5730K, committed 5760K, reserved 1048576K
}
Event: 15.017 GC heap before
{Heap before GC invocations=17 (full 5):
 PSYoungGen      total 135680K, used 4630K [0x00000000e0000000, 0x00000000e9800000, 0x0000000100000000)
  eden space 122880K, 3% used [0x00000000e0000000,0x00000000e0485a28,0x00000000e7800000)
  from space 12800K, 0% used [0x00000000e7800000,0x00000000e7800000,0x00000000e8480000)
  to   space 13312K, 0% used [0x00000000e8b00000,0x00000000e8b00000,0x00000000e9800000)
 ParOldGen       total 120320K, used 17194K [0x00000000a0000000, 0x00000000a7580000, 0x00000000e0000000)
  object space 120320K, 14% used [0x00000000a0000000,0x00000000a10caac8,0x00000000a7580000)
 Metaspace       used 40957K, capacity 41886K, committed 42240K, reserved 1095680K
  class space    used 5506K, capacity 5763K, committed 5888K, reserved 1048576K
Event: 15.019 GC heap after
Heap after GC invocations=17 (full 5):
 PSYoungGen      total 140288K, used 500K [0x00000000e0000000, 0x00000000e9700000, 0x0000000100000000)
  eden space 128000K, 0% used [0x00000000e0000000,0x00000000e0000000,0x00000000e7d00000)
  from space 12288K, 4% used [0x00000000e8b00000,0x00000000e8b7d018,0x00000000e9700000)
  to   space 13312K, 0% used [0x00000000e7d00000,0x00000000e7d00000,0x00000000e8a00000)
 ParOldGen       total 120320K, used 17194K [0x00000000a0000000, 0x00000000a7580000, 0x00000000e0000000)
  object space 120320K, 14% used [0x00000000a0000000,0x00000000a10caac8,0x00000000a7580000)
 Metaspace       used 40957K, capacity 41886K, committed 42240K, reserved 1095680K
  class space    used 5506K, capacity 5763K, committed 5888K, reserved 1048576K
}
Event: 15.019 GC heap before
{Heap before GC invocations=18 (full 6):
 PSYoungGen      total 140288K, used 500K [0x00000000e0000000, 0x00000000e9700000, 0x0000000100000000)
  eden space 128000K, 0% used [0x00000000e0000000,0x00000000e0000000,0x00000000e7d00000)
  from space 12288K, 4% used [0x00000000e8b00000,0x00000000e8b7d018,0x00000000e9700000)
  to   space 13312K, 0% used [0x00000000e7d00000,0x00000000e7d00000,0x00000000e8a00000)
 ParOldGen       total 120320K, used 17194K [0x00000000a0000000, 0x00000000a7580000, 0x00000000e0000000)
  object space 120320K, 14% used [0x00000000a0000000,0x00000000a10caac8,0x00000000a7580000)
 Metaspace       used 40957K, capacity 41886K, committed 42240K, reserved 1095680K
  class space    used 5506K, capacity 5763K, committed 5888K, reserved 1048576K
Event: 15.058 GC heap after
Heap after GC invocations=18 (full 6):
 PSYoungGen      total 140288K, used 0K [0x00000000e0000000, 0x00000000e9700000, 0x0000000100000000)
  eden space 128000K, 0% used [0x00000000e0000000,0x00000000e0000000,0x00000000e7d00000)
  from space 12288K, 0% used [0x00000000e8b00000,0x00000000e8b00000,0x00000000e9700000)
  to   space 13312K, 0% used [0x00000000e7d00000,0x00000000e7d00000,0x00000000e8a00000)
 ParOldGen       total 120320K, used 16916K [0x00000000a0000000, 0x00000000a7580000, 0x00000000e0000000)
  object space 120320K, 14% used [0x00000000a0000000,0x00000000a1085118,0x00000000a7580000)
 Metaspace       used 40957K, capacity 41886K, committed 42240K, reserved 1093632K
  class space    used 5506K, capacity 5763K, committed 5888K, reserved 1048576K
}

