# JRE version: OpenJDK Runtime Environment (8.0_212-b04) (build 1.8.0_212-release-1586-b04)
# Java VM: OpenJDK 64-Bit Server VM (25.212-b04 mixed mode windows-amd64 compressed oops)
Heap:
 PSYoungGen      total 143872K, used 101800K [0x00000000e0000000, 0x00000000ea880000, 0x0000000100000000)
  eden space 131584K, 68% used [0x00000000e0000000,0x00000000e576da00,0x00000000e8080000)
  from space 12288K, 99% used [0x00000000e9c80000,0x00000000ea87c608,0x00000000ea880000)
  to   space 14336K, 0% used [0x00000000e8c80000,0x00000000e8c80000,0x00000000e9a80000)
 ParOldGen       total 93184K, used 18675K [0x00000000a0000000, 0x00000000a5b00000, 0x00000000e0000000)
  object space 93184K, 20% used [0x00000000a0000000,0x00000000a123ccd0,0x00000000a5b00000)
 Metaspace       used 51335K, capacity 52864K, committed 52992K, reserved 1095680K
  class space    used 6985K, capacity 7380K, committed 7424K, reserved 1048576K
GC Heap History (10 events):
Event: 5.258 GC heap before
{Heap before GC invocations=8 (full 1):
 PSYoungGen      total 76800K, used 66048K [0x00000000e0000000, 0x00000000e5700000, 0x0000000100000000)
  eden space 66048K, 100% used [0x00000000e0000000,0x00000000e4080000,0x00000000e4080000)
  from space 10752K, 0% used [0x00000000e4b80000,0x00000000e4b80000,0x00000000e5600000)
  to   space 11264K, 0% used [0x00000000e4080000,0x00000000e4080000,0x00000000e4b80000)
 ParOldGen       total 59904K, used 9324K [0x00000000a0000000, 0x00000000a3a80000, 0x00000000e0000000)
  object space 59904K, 15% used [0x00000000a0000000,0x00000000a091b008,0x00000000a3a80000)
 Metaspace       used 29026K, capacity 29554K, committed 29696K, reserved 1075200K
  class space    used 3903K, capacity 4065K, committed 4096K, reserved 1048576K
Event: 5.272 GC heap after
Heap after GC invocations=8 (full 1):
 PSYoungGen      total 77312K, used 8011K [0x00000000e0000000, 0x00000000e7e00000, 0x0000000100000000)
  eden space 66048K, 0% used [0x00000000e0000000,0x00000000e0000000,0x00000000e4080000)
  from space 11264K, 71% used [0x00000000e4080000,0x00000000e4852d30,0x00000000e4b80000)
  to   space 11264K, 0% used [0x00000000e7300000,0x00000000e7300000,0x00000000e7e00000)
 ParOldGen       total 59904K, used 9332K [0x00000000a0000000, 0x00000000a3a80000, 0x00000000e0000000)
  object space 59904K, 15% used [0x00000000a0000000,0x00000000a091d008,0x00000000a3a80000)
 Metaspace       used 29026K, capacity 29554K, committed 29696K, reserved 1075200K
  class space    used 3903K, capacity 4065K, committed 4096K, reserved 1048576K
}
Event: 5.921 GC heap before
{Heap before GC invocations=9 (full 1):
 PSYoungGen      total 77312K, used 74059K [0x00000000e0000000, 0x00000000e7e00000, 0x0000000100000000)
  eden space 66048K, 100% used [0x00000000e0000000,0x00000000e4080000,0x00000000e4080000)
  from space 11264K, 71% used [0x00000000e4080000,0x00000000e4852d30,0x00000000e4b80000)
  to   space 11264K, 0% used [0x00000000e7300000,0x00000000e7300000,0x00000000e7e00000)
 ParOldGen       total 59904K, used 9332K [0x00000000a0000000, 0x00000000a3a80000, 0x00000000e0000000)
  object space 59904K, 15% used [0x00000000a0000000,0x00000000a091d008,0x00000000a3a80000)
 Metaspace       used 31986K, capacity 32528K, committed 32768K, reserved 1077248K
  class space    used 4379K, capacity 4587K, committed 4608K, reserved 1048576K
Event: 5.934 GC heap after
Heap after GC invocations=9 (full 1):
 PSYoungGen      total 117248K, used 8308K [0x00000000e0000000, 0x00000000e8000000, 0x0000000100000000)
  eden space 105984K, 0% used [0x00000000e0000000,0x00000000e0000000,0x00000000e6780000)
  from space 11264K, 73% used [0x00000000e7300000,0x00000000e7b1d328,0x00000000e7e00000)
  to   space 11776K, 0% used [0x00000000e6780000,0x00000000e6780000,0x00000000e7300000)
 ParOldGen       total 59904K, used 9340K [0x00000000a0000000, 0x00000000a3a80000, 0x00000000e0000000)
  object space 59904K, 15% used [0x00000000a0000000,0x00000000a091f008,0x00000000a3a80000)
 Metaspace       used 31986K, capacity 32528K, committed 32768K, reserved 1077248K
  class space    used 4379K, capacity 4587K, committed 4608K, reserved 1048576K
}
Event: 6.858 GC heap before
{Heap before GC invocations=10 (full 1):
 PSYoungGen      total 117248K, used 71460K [0x00000000e0000000, 0x00000000e8000000, 0x0000000100000000)
  eden space 105984K, 59% used [0x00000000e0000000,0x00000000e3dabe48,0x00000000e6780000)
  from space 11264K, 73% used [0x00000000e7300000,0x00000000e7b1d328,0x00000000e7e00000)
  to   space 11776K, 0% used [0x00000000e6780000,0x00000000e6780000,0x00000000e7300000)
 ParOldGen       total 59904K, used 9340K [0x00000000a0000000, 0x00000000a3a80000, 0x00000000e0000000)
  object space 59904K, 15% used [0x00000000a0000000,0x00000000a091f008,0x00000000a3a80000)
 Metaspace       used 34661K, capacity 35422K, committed 35456K, reserved 1079296K
  class space    used 4750K, capacity 4958K, committed 4992K, reserved 1048576K
Event: 6.882 GC heap after
Heap after GC invocations=10 (full 1):
 PSYoungGen      total 117760K, used 10229K [0x00000000e0000000, 0x00000000ea880000, 0x0000000100000000)
  eden space 105984K, 0% used [0x00000000e0000000,0x00000000e0000000,0x00000000e6780000)
  from space 11776K, 86% used [0x00000000e6780000,0x00000000e717d708,0x00000000e7300000)
  to   space 12288K, 0% used [0x00000000e9c80000,0x00000000e9c80000,0x00000000ea880000)
 ParOldGen       total 59904K, used 9348K [0x00000000a0000000, 0x00000000a3a80000, 0x00000000e0000000)
  object space 59904K, 15% used [0x00000000a0000000,0x00000000a0921008,0x00000000a3a80000)
 Metaspace       used 34661K, capacity 35422K, committed 35456K, reserved 1079296K
  class space    used 4750K, capacity 4958K, committed 4992K, reserved 1048576K
}
Event: 6.882 GC heap before
{Heap before GC invocations=11 (full 2):
 PSYoungGen      total 117760K, used 10229K [0x00000000e0000000, 0x00000000ea880000, 0x0000000100000000)
  eden space 105984K, 0% used [0x00000000e0000000,0x00000000e0000000,0x00000000e6780000)
  from space 11776K, 86% used [0x00000000e6780000,0x00000000e717d708,0x00000000e7300000)
  to   space 12288K, 0% used [0x00000000e9c80000,0x00000000e9c80000,0x00000000ea880000)
 ParOldGen       total 59904K, used 9348K [0x00000000a0000000, 0x00000000a3a80000, 0x00000000e0000000)
  object space 59904K, 15% used [0x00000000a0000000,0x00000000a0921008,0x00000000a3a80000)
 Metaspace       used 34661K, capacity 35422K, committed 35456K, reserved 1079296K
  class space    used 4750K, capacity 4958K, committed 4992K, reserved 1048576K
Event: 6.982 GC heap after
Heap after GC invocations=11 (full 2):
 PSYoungGen      total 117760K, used 0K [0x00000000e0000000, 0x00000000ea880000, 0x0000000100000000)
  eden space 105984K, 0% used [0x00000000e0000000,0x00000000e0000000,0x00000000e6780000)
  from space 11776K, 0% used [0x00000000e6780000,0x00000000e6780000,0x00000000e7300000)
  to   space 12288K, 0% used [0x00000000e9c80000,0x00000000e9c80000,0x00000000ea880000)
 ParOldGen       total 93184K, used 17064K [0x00000000a0000000, 0x00000000a5b00000, 0x00000000e0000000)
  object space 93184K, 18% used [0x00000000a0000000,0x00000000a10aa030,0x00000000a5b00000)
 Metaspace       used 34656K, capacity 35404K, committed 35456K, reserved 1079296K
  class space    used 4748K, capacity 4955K, committed 4992K, reserved 1048576K
}
Event: 9.415 GC heap before
{Heap before GC invocations=12 (full 2):
 PSYoungGen      total 117760K, used 105984K [0x00000000e0000000, 0x00000000ea880000, 0x0000000100000000)
  eden space 105984K, 100% used [0x00000000e0000000,0x00000000e6780000,0x00000000e6780000)
  from space 11776K, 0% used [0x00000000e6780000,0x00000000e6780000,0x00000000e7300000)
  to   space 12288K, 0% used [0x00000000e9c80000,0x00000000e9c80000,0x00000000ea880000)
 ParOldGen       total 93184K, used 17064K [0x00000000a0000000, 0x00000000a5b00000, 0x00000000e0000000)
  object space 93184K, 18% used [0x00000000a0000000,0x00000000a10aa030,0x00000000a5b00000)
 Metaspace       used 45366K, capacity 46440K, committed 46592K, reserved 1089536K
  class space    used 6078K, capacity 6382K, committed 6400K, reserved 1048576K
Event: 9.431 GC heap after
Heap after GC invocations=12 (full 2):
 PSYoungGen      total 143872K, used 12273K [0x00000000e0000000, 0x00000000ea880000, 0x0000000100000000)
  eden space 131584K, 0% used [0x00000000e0000000,0x00000000e0000000,0x00000000e8080000)
  from space 12288K, 99% used [0x00000000e9c80000,0x00000000ea87c608,0x00000000ea880000)
  to   space 14336K, 0% used [0x00000000e8c80000,0x00000000e8c80000,0x00000000e9a80000)
 ParOldGen       total 93184K, used 18675K [0x00000000a0000000, 0x00000000a5b00000, 0x00000000e0000000)
  object space 93184K, 20% used [0x00000000a0000000,0x00000000a123ccd0,0x00000000a5b00000)
 Metaspace       used 45366K, capacity 46440K, committed 46592K, reserved 1089536K
  class space    used 6078K, capacity 6382K, committed 6400K, reserved 1048576K
}

