# JRE version: OpenJDK Runtime Environment (8.0_212-b04) (build 1.8.0_212-release-1586-b04)
# Java VM: OpenJDK 64-Bit Server VM (25.212-b04 mixed mode windows-amd64 compressed oops)
Heap:
 PSYoungGen      total 156160K, used 90271K [0x00000000e0000000, 0x00000000eb480000, 0x0000000100000000)
  eden space 143872K, 54% used [0x00000000e0000000,0x00000000e4c291e0,0x00000000e8c80000)
  from space 12288K, 99% used [0x00000000ea880000,0x00000000eb47ea30,0x00000000eb480000)
  to   space 14848K, 0% used [0x00000000e9780000,0x00000000e9780000,0x00000000ea600000)
 ParOldGen       total 84480K, used 19904K [0x00000000a0000000, 0x00000000a5280000, 0x00000000e0000000)
  object space 84480K, 23% used [0x00000000a0000000,0x00000000a13702d8,0x00000000a5280000)
 Metaspace       used 51283K, capacity 52852K, committed 52992K, reserved 1095680K
  class space    used 6982K, capacity 7376K, committed 7424K, reserved 1048576K
GC Heap History (10 events):
Event: 6.076 GC heap before
{Heap before GC invocations=8 (full 1):
 PSYoungGen      total 76800K, used 66048K [0x00000000e0000000, 0x00000000e5700000, 0x0000000100000000)
  eden space 66048K, 100% used [0x00000000e0000000,0x00000000e4080000,0x00000000e4080000)
  from space 10752K, 0% used [0x00000000e4b80000,0x00000000e4b80000,0x00000000e5600000)
  to   space 11264K, 0% used [0x00000000e4080000,0x00000000e4080000,0x00000000e4b80000)
 ParOldGen       total 56832K, used 9373K [0x00000000a0000000, 0x00000000a3780000, 0x00000000e0000000)
  object space 56832K, 16% used [0x00000000a0000000,0x00000000a09277d0,0x00000000a3780000)
 Metaspace       used 29052K, capacity 29560K, committed 29696K, reserved 1075200K
  class space    used 3908K, capacity 4067K, committed 4096K, reserved 1048576K
Event: 6.089 GC heap after
Heap after GC invocations=8 (full 1):
 PSYoungGen      total 77312K, used 8040K [0x00000000e0000000, 0x00000000e8380000, 0x0000000100000000)
  eden space 66048K, 0% used [0x00000000e0000000,0x00000000e0000000,0x00000000e4080000)
  from space 11264K, 71% used [0x00000000e4080000,0x00000000e485a160,0x00000000e4b80000)
  to   space 11264K, 0% used [0x00000000e7880000,0x00000000e7880000,0x00000000e8380000)
 ParOldGen       total 56832K, used 9381K [0x00000000a0000000, 0x00000000a3780000, 0x00000000e0000000)
  object space 56832K, 16% used [0x00000000a0000000,0x00000000a09297d0,0x00000000a3780000)
 Metaspace       used 29052K, capacity 29560K, committed 29696K, reserved 1075200K
  class space    used 3908K, capacity 4067K, committed 4096K, reserved 1048576K
}
Event: 6.908 GC heap before
{Heap before GC invocations=9 (full 1):
 PSYoungGen      total 77312K, used 74088K [0x00000000e0000000, 0x00000000e8380000, 0x0000000100000000)
  eden space 66048K, 100% used [0x00000000e0000000,0x00000000e4080000,0x00000000e4080000)
  from space 11264K, 71% used [0x00000000e4080000,0x00000000e485a160,0x00000000e4b80000)
  to   space 11264K, 0% used [0x00000000e7880000,0x00000000e7880000,0x00000000e8380000)
 ParOldGen       total 56832K, used 9381K [0x00000000a0000000, 0x00000000a3780000, 0x00000000e0000000)
  object space 56832K, 16% used [0x00000000a0000000,0x00000000a09297d0,0x00000000a3780000)
 Metaspace       used 32019K, capacity 32528K, committed 32768K, reserved 1077248K
  class space    used 4384K, capacity 4587K, committed 4608K, reserved 1048576K
Event: 6.925 GC heap after
Heap after GC invocations=9 (full 1):
 PSYoungGen      total 122880K, used 8411K [0x00000000e0000000, 0x00000000e8500000, 0x0000000100000000)
  eden space 111616K, 0% used [0x00000000e0000000,0x00000000e0000000,0x00000000e6d00000)
  from space 11264K, 74% used [0x00000000e7880000,0x00000000e80b6e20,0x00000000e8380000)
  to   space 11776K, 0% used [0x00000000e6d00000,0x00000000e6d00000,0x00000000e7880000)
 ParOldGen       total 56832K, used 9389K [0x00000000a0000000, 0x00000000a3780000, 0x00000000e0000000)
  object space 56832K, 16% used [0x00000000a0000000,0x00000000a092b7d0,0x00000000a3780000)
 Metaspace       used 32019K, capacity 32528K, committed 32768K, reserved 1077248K
  class space    used 4384K, capacity 4587K, committed 4608K, reserved 1048576K
}
Event: 8.506 GC heap before
{Heap before GC invocations=10 (full 1):
 PSYoungGen      total 122880K, used 71162K [0x00000000e0000000, 0x00000000e8500000, 0x0000000100000000)
  eden space 111616K, 56% used [0x00000000e0000000,0x00000000e3d47c10,0x00000000e6d00000)
  from space 11264K, 74% used [0x00000000e7880000,0x00000000e80b6e20,0x00000000e8380000)
  to   space 11776K, 0% used [0x00000000e6d00000,0x00000000e6d00000,0x00000000e7880000)
 ParOldGen       total 56832K, used 9389K [0x00000000a0000000, 0x00000000a3780000, 0x00000000e0000000)
  object space 56832K, 16% used [0x00000000a0000000,0x00000000a092b7d0,0x00000000a3780000)
 Metaspace       used 34635K, capacity 35410K, committed 35456K, reserved 1079296K
  class space    used 4745K, capacity 4956K, committed 4992K, reserved 1048576K
Event: 8.552 GC heap after
Heap after GC invocations=10 (full 1):
 PSYoungGen      total 123392K, used 10197K [0x00000000e0000000, 0x00000000eb480000, 0x0000000100000000)
  eden space 111616K, 0% used [0x00000000e0000000,0x00000000e0000000,0x00000000e6d00000)
  from space 11776K, 86% used [0x00000000e6d00000,0x00000000e76f5708,0x00000000e7880000)
  to   space 12288K, 0% used [0x00000000ea880000,0x00000000ea880000,0x00000000eb480000)
 ParOldGen       total 56832K, used 9397K [0x00000000a0000000, 0x00000000a3780000, 0x00000000e0000000)
  object space 56832K, 16% used [0x00000000a0000000,0x00000000a092d7d0,0x00000000a3780000)
 Metaspace       used 34635K, capacity 35410K, committed 35456K, reserved 1079296K
  class space    used 4745K, capacity 4956K, committed 4992K, reserved 1048576K
}
Event: 8.552 GC heap before
{Heap before GC invocations=11 (full 2):
 PSYoungGen      total 123392K, used 10197K [0x00000000e0000000, 0x00000000eb480000, 0x0000000100000000)
  eden space 111616K, 0% used [0x00000000e0000000,0x00000000e0000000,0x00000000e6d00000)
  from space 11776K, 86% used [0x00000000e6d00000,0x00000000e76f5708,0x00000000e7880000)
  to   space 12288K, 0% used [0x00000000ea880000,0x00000000ea880000,0x00000000eb480000)
 ParOldGen       total 56832K, used 9397K [0x00000000a0000000, 0x00000000a3780000, 0x00000000e0000000)
  object space 56832K, 16% used [0x00000000a0000000,0x00000000a092d7d0,0x00000000a3780000)
 Metaspace       used 34635K, capacity 35410K, committed 35456K, reserved 1079296K
  class space    used 4745K, capacity 4956K, committed 4992K, reserved 1048576K
Event: 8.666 GC heap after
Heap after GC invocations=11 (full 2):
 PSYoungGen      total 123392K, used 0K [0x00000000e0000000, 0x00000000eb480000, 0x0000000100000000)
  eden space 111616K, 0% used [0x00000000e0000000,0x00000000e0000000,0x00000000e6d00000)
  from space 11776K, 0% used [0x00000000e6d00000,0x00000000e6d00000,0x00000000e7880000)
  to   space 12288K, 0% used [0x00000000ea880000,0x00000000ea880000,0x00000000eb480000)
 ParOldGen       total 84480K, used 17023K [0x00000000a0000000, 0x00000000a5280000, 0x00000000e0000000)
  object space 84480K, 20% used [0x00000000a0000000,0x00000000a109fd28,0x00000000a5280000)
 Metaspace       used 34634K, capacity 35404K, committed 35456K, reserved 1079296K
  class space    used 4745K, capacity 4955K, committed 4992K, reserved 1048576K
}
Event: 12.342 GC heap before
{Heap before GC invocations=12 (full 2):
 PSYoungGen      total 123392K, used 111616K [0x00000000e0000000, 0x00000000eb480000, 0x0000000100000000)
  eden space 111616K, 100% used [0x00000000e0000000,0x00000000e6d00000,0x00000000e6d00000)
  from space 11776K, 0% used [0x00000000e6d00000,0x00000000e6d00000,0x00000000e7880000)
  to   space 12288K, 0% used [0x00000000ea880000,0x00000000ea880000,0x00000000eb480000)
 ParOldGen       total 84480K, used 17023K [0x00000000a0000000, 0x00000000a5280000, 0x00000000e0000000)
  object space 84480K, 20% used [0x00000000a0000000,0x00000000a109fd28,0x00000000a5280000)
 Metaspace       used 47105K, capacity 48248K, committed 48640K, reserved 1091584K
  class space    used 6263K, capacity 6558K, committed 6656K, reserved 1048576K
Event: 12.368 GC heap after
Heap after GC invocations=12 (full 2):
 PSYoungGen      total 156160K, used 12282K [0x00000000e0000000, 0x00000000eb480000, 0x0000000100000000)
  eden space 143872K, 0% used [0x00000000e0000000,0x00000000e0000000,0x00000000e8c80000)
  from space 12288K, 99% used [0x00000000ea880000,0x00000000eb47ea30,0x00000000eb480000)
  to   space 14848K, 0% used [0x00000000e9780000,0x00000000e9780000,0x00000000ea600000)
 ParOldGen       total 84480K, used 19904K [0x00000000a0000000, 0x00000000a5280000, 0x00000000e0000000)
  object space 84480K, 23% used [0x00000000a0000000,0x00000000a13702d8,0x00000000a5280000)
 Metaspace       used 47105K, capacity 48248K, committed 48640K, reserved 1091584K
  class space    used 6263K, capacity 6558K, committed 6656K, reserved 1048576K
}

